<?xml version="1.0" encoding="UTF-8"?>
<!-- Generated by org.testng.reporters.JUnitXMLReporter -->
<testsuite hostname="Mohit" ignored="1" name="Test1" tests="2" failures="0" timestamp="2021-05-30T18:45:51 IST" time="15.809" errors="0">
  <testcase name="startTest2" time="0.019" classname="testCases.BrowserTest2"/>
  <testcase name="startTest" time="5.789" classname="testCases.BrowserTest"/>
  <testcase name="startTest1" time="0.0" classname="testCases.BrowserTest2">
    <ignored/>
  </testcase> <!-- startTest1 -->
</testsuite> <!-- Test1 -->
