<?xml version="1.0" encoding="UTF-8"?>
<!-- Generated by org.testng.reporters.JUnitXMLReporter -->
<testsuite hostname="Mohit" ignored="0" name="Test1" tests="3" failures="0" timestamp="2021-05-30T02:31:40 IST" time="16.012" errors="0">
  <testcase name="startTest1" time="0.016" classname="testCases.BrowserTest2"/>
  <testcase name="startTest2" time="0.016" classname="testCases.BrowserTest2"/>
  <testcase name="startTest" time="5.174" classname="testCases.BrowserTest"/>
</testsuite> <!-- Test1 -->
